<?xml version="1.0" encoding="UTF-8"?>
<testng-results skipped="0" failed="0" ignored="0" total="1" passed="1">
  <reporter-output>
  </reporter-output>
  <suite name="Default suite" duration-ms="23790" started-at="2020-04-22T09:43:51Z" finished-at="2020-04-22T09:44:15Z">
    <groups>
    </groups>
    <test name="Default test" duration-ms="23790" started-at="2020-04-22T09:43:51Z" finished-at="2020-04-22T09:44:15Z">
      <class name="com.addressbook.qa.testcases.RegiserPageTest">
        <test-method status="PASS" signature="setUp()[pri:0, instance:com.addressbook.qa.testcases.RegiserPageTest@61832929]" name="setUp" is-config="true" duration-ms="18683" started-at="2020-04-22T09:43:51Z" finished-at="2020-04-22T09:44:10Z">
          <reporter-output>
          </reporter-output>
        </test-method> <!-- setUp -->
        <test-method status="PASS" signature="verifyFillUpRegisterPage()[pri:0, instance:com.addressbook.qa.testcases.RegiserPageTest@61832929]" name="verifyFillUpRegisterPage" duration-ms="4272" started-at="2020-04-22T09:44:10Z" finished-at="2020-04-22T09:44:14Z">
          <reporter-output>
          </reporter-output>
        </test-method> <!-- verifyFillUpRegisterPage -->
        <test-method status="PASS" signature="tearDown()[pri:0, instance:com.addressbook.qa.testcases.RegiserPageTest@61832929]" name="tearDown" is-config="true" duration-ms="816" started-at="2020-04-22T09:44:14Z" finished-at="2020-04-22T09:44:15Z">
          <reporter-output>
          </reporter-output>
        </test-method> <!-- tearDown -->
      </class> <!-- com.addressbook.qa.testcases.RegiserPageTest -->
    </test> <!-- Default test -->
  </suite> <!-- Default suite -->
</testng-results>
